2022-10-29 10:58:07: == 同步开始由 User Command
2022-10-29 10:58:07: 删除文件 /Users/histonevon/Workspace/MindsProjects/fcl_mindmaps/政治导图/马原/vx.json
2022-10-29 10:58:07: 新建复制 '/Users/histonevon/Library/CloudStorage/OneDrive-stu.hit.edu.cn/Postgraduate Examinations/政治导图/马原/00 马原大框架.xmind' -> '/Users/histonevon/Workspace/MindsProjects/fcl_mindmaps/政治导图/马原/00 马原大框架.xmind' (113,500)
2022-10-29 10:58:07: 新建复制 '/Users/histonevon/Library/CloudStorage/OneDrive-stu.hit.edu.cn/Postgraduate Examinations/政治导图/马原/01 总论（导论）.xmind' -> '/Users/histonevon/Workspace/MindsProjects/fcl_mindmaps/政治导图/马原/01 总论（导论）.xmind' (31,143)
2022-10-29 10:58:07: 新建复制 '/Users/histonevon/Library/CloudStorage/OneDrive-stu.hit.edu.cn/Postgraduate Examinations/政治导图/马原/02 哲学基本问题及不同哲学流派.xmind' -> '/Users/histonevon/Workspace/MindsProjects/fcl_mindmaps/政治导图/马原/02 哲学基本问题及不同哲学流派.xmind' (160,744)
2022-10-29 10:58:07: 新建复制 '/Users/histonevon/Library/CloudStorage/OneDrive-stu.hit.edu.cn/Postgraduate Examinations/政治导图/马原/03 唯物论.xmind' -> '/Users/histonevon/Workspace/MindsProjects/fcl_mindmaps/政治导图/马原/03 唯物论.xmind' (272,465)
2022-10-29 10:58:07: 新建复制 '/Users/histonevon/Library/CloudStorage/OneDrive-stu.hit.edu.cn/Postgraduate Examinations/政治导图/马原/04 辩证法.xmind' -> '/Users/histonevon/Workspace/MindsProjects/fcl_mindmaps/政治导图/马原/04 辩证法.xmind' (321,052)
2022-10-29 10:58:07: 新建复制 '/Users/histonevon/Library/CloudStorage/OneDrive-stu.hit.edu.cn/Postgraduate Examinations/政治导图/马原/04_3 辩证法 否定之否定规律.xmind' -> '/Users/histonevon/Workspace/MindsProjects/fcl_mindmaps/政治导图/马原/04_3 辩证法 否定之否定规律.xmind' (153,761)
2022-10-29 10:58:07: 新建复制 '/Users/histonevon/Library/CloudStorage/OneDrive-stu.hit.edu.cn/Postgraduate Examinations/政治导图/马原/04_3 辩证法 对立统一规律.xmind' -> '/Users/histonevon/Workspace/MindsProjects/fcl_mindmaps/政治导图/马原/04_3 辩证法 对立统一规律.xmind' (269,494)
2022-10-29 10:58:07: 新建复制 '/Users/histonevon/Library/CloudStorage/OneDrive-stu.hit.edu.cn/Postgraduate Examinations/政治导图/马原/04_3 辩证法 质量互变定律.xmind' -> '/Users/histonevon/Workspace/MindsProjects/fcl_mindmaps/政治导图/马原/04_3 辩证法 质量互变定律.xmind' (270,300)
2022-10-29 10:58:07: 新建复制 '/Users/histonevon/Library/CloudStorage/OneDrive-stu.hit.edu.cn/Postgraduate Examinations/政治导图/马原/05 认识论.xmind' -> '/Users/histonevon/Workspace/MindsProjects/fcl_mindmaps/政治导图/马原/05 认识论.xmind' (34,319)
2022-10-29 10:58:07: 新建复制 '/Users/histonevon/Library/CloudStorage/OneDrive-stu.hit.edu.cn/Postgraduate Examinations/政治导图/马原/05_1 认识论 实践与认识.xmind' -> '/Users/histonevon/Workspace/MindsProjects/fcl_mindmaps/政治导图/马原/05_1 认识论 实践与认识.xmind' (328,830)
2022-10-29 10:58:07: 新建复制 '/Users/histonevon/Library/CloudStorage/OneDrive-stu.hit.edu.cn/Postgraduate Examinations/政治导图/马原/05_2 认识论 认识的本质、过程和规律.xmind' -> '/Users/histonevon/Workspace/MindsProjects/fcl_mindmaps/政治导图/马原/05_2 认识论 认识的本质、过程和规律.xmind' (337,486)
2022-10-29 10:58:07: 新建复制 '/Users/histonevon/Library/CloudStorage/OneDrive-stu.hit.edu.cn/Postgraduate Examinations/政治导图/马原/05_3 认识论 认识的结果、真理与价值.xmind' -> '/Users/histonevon/Workspace/MindsProjects/fcl_mindmaps/政治导图/马原/05_3 认识论 认识的结果、真理与价值.xmind' (285,739)
2022-10-29 10:58:07: 新建复制 '/Users/histonevon/Library/CloudStorage/OneDrive-stu.hit.edu.cn/Postgraduate Examinations/政治导图/马原/06 唯物史观.xmind' -> '/Users/histonevon/Workspace/MindsProjects/fcl_mindmaps/政治导图/马原/06 唯物史观.xmind' (175,812)
2022-10-29 10:58:07: 新建复制 '/Users/histonevon/Library/CloudStorage/OneDrive-stu.hit.edu.cn/Postgraduate Examinations/政治导图/马原/06_2 唯物史观 两对社会基本矛盾.xmind' -> '/Users/histonevon/Workspace/MindsProjects/fcl_mindmaps/政治导图/马原/06_2 唯物史观 两对社会基本矛盾.xmind' (398,005)
2022-10-29 10:58:07: 新建复制 '/Users/histonevon/Library/CloudStorage/OneDrive-stu.hit.edu.cn/Postgraduate Examinations/政治导图/马原/06_3 唯物史观 社会形态更替和历史创造者.xmind' -> '/Users/histonevon/Workspace/MindsProjects/fcl_mindmaps/政治导图/马原/06_3 唯物史观 社会形态更替和历史创造者.xmind' (251,774)
2022-10-29 10:58:07: 新建复制 '/Users/histonevon/Library/CloudStorage/OneDrive-stu.hit.edu.cn/Postgraduate Examinations/政治导图/马原/07 商品两因素与劳动的二重性.xmind' -> '/Users/histonevon/Workspace/MindsProjects/fcl_mindmaps/政治导图/马原/07 商品两因素与劳动的二重性.xmind' (350,599)
2022-10-29 10:58:07: 新建复制 '/Users/histonevon/Library/CloudStorage/OneDrive-stu.hit.edu.cn/Postgraduate Examinations/政治导图/马原/08 价值规律与简单商品经济的基本矛盾.xmind' -> '/Users/histonevon/Workspace/MindsProjects/fcl_mindmaps/政治导图/马原/08 价值规律与简单商品经济的基本矛盾.xmind' (68,223)
2022-10-29 10:58:07: 新建复制 '/Users/histonevon/Library/CloudStorage/OneDrive-stu.hit.edu.cn/Postgraduate Examinations/政治导图/马原/X0 概念辨析.xmind' -> '/Users/histonevon/Workspace/MindsProjects/fcl_mindmaps/政治导图/马原/X0 概念辨析.xmind' (261,776)
2022-10-29 10:58:07: 新建复制 '/Users/histonevon/Library/CloudStorage/OneDrive-stu.hit.edu.cn/Postgraduate Examinations/政治导图/马原/实践与认识.png' -> '/Users/histonevon/Workspace/MindsProjects/fcl_mindmaps/政治导图/马原/实践与认识.png' (60,065)
2022-10-29 10:58:07: 新建复制 '/Users/histonevon/Library/CloudStorage/OneDrive-stu.hit.edu.cn/Postgraduate Examinations/政治导图/马原/意识形态的从属.png' -> '/Users/histonevon/Workspace/MindsProjects/fcl_mindmaps/政治导图/马原/意识形态的从属.png' (79,065)
2022-10-29 10:58:07: 新建复制 '/Users/histonevon/Library/CloudStorage/OneDrive-stu.hit.edu.cn/Postgraduate Examinations/政治导图/马原/生产力是超高级概念.png' -> '/Users/histonevon/Workspace/MindsProjects/fcl_mindmaps/政治导图/马原/生产力是超高级概念.png' (19,869)
2022-10-29 10:58:07: == 同步完成. 历时: 00:00:00, 速度: 0.00/s, 完成: 22, 错误: 0
